<?xml version="1.0" encoding="UTF-8"?>
<!-- Generated by org.testng.reporters.JUnitXMLReporter -->
<testsuite ignored="5" hostname="DESKTOP-PSB8FHO" failures="0" tests="2" name="Test" time="0.093" errors="0" timestamp="2023-04-02T20:40:00 IST">
  <testcase classname="TestNG.TestNG_Group" name="TC1" time="0.022"/>
  <testcase classname="TestNG.TestNG_Group" name="TC5" time="0.006"/>
  <testcase classname="TestNG.TestNG_Group" name="TC4" time="0.0">
    <ignored/>
  </testcase> <!-- TC4 -->
  <testcase classname="TestNG.TestNG_Group" name="TC6" time="0.0">
    <ignored/>
  </testcase> <!-- TC6 -->
  <testcase classname="TestNG.TestNG_Group" name="TC3" time="0.0">
    <ignored/>
  </testcase> <!-- TC3 -->
  <testcase classname="TestNG.TestNG_Group" name="TC2" time="0.0">
    <ignored/>
  </testcase> <!-- TC2 -->
  <testcase classname="TestNG.TestNG_Group" name="TC7" time="0.0">
    <ignored/>
  </testcase> <!-- TC7 -->
</testsuite> <!-- Test -->
