<?xml version="1.0" encoding="UTF-8"?>
<!-- Generated by org.testng.reporters.JUnitXMLReporter -->
<testsuite ignored="0" hostname="DESKTOP-PSB8FHO" failures="1" tests="1" name="Default test(failed)" time="0.088" errors="0" timestamp="2023-04-02T18:05:16 IST">
  <testcase classname="TestNG.TestNG_Verification_SoftAssert" name="test" time="0.027">
    <failure type="java.lang.AssertionError" message="The following asserts failed:
	Verification 2 act&amp;amp; exp result is Different expected [good night] but found [good morning],
	Verification 3 act &amp;amp; exp result false expected [true] but found [false]">
      <![CDATA[java.lang.AssertionError: The following asserts failed:
Verification 2 act& exp result is Different expected [good night] but found [good morning],
Verification 3 act & exp result false expected [true] but found [false]
at TestNG.TestNG_Verification_SoftAssert.test(TestNG_Verification_SoftAssert.java:25)
at java.base/java.util.ArrayList.forEach(ArrayList.java:1511)
... Removed 27 stack frames]]>
    </failure>
  </testcase> <!-- test -->
</testsuite> <!-- Default test(failed) -->
