<?xml version="1.0" encoding="UTF-8"?>
<!-- Generated by org.testng.reporters.JUnitXMLReporter -->
<testsuite ignored="0" hostname="DESKTOP-PSB8FHO" failures="0" tests="10" name="Test" time="0.179" errors="0" timestamp="2023-04-02T18:01:01 IST">
  <testcase classname="TestNG.sample1" name="TC1" time="0.017"/>
  <testcase classname="TestNG.sample1" name="TC2" time="0.002"/>
  <testcase classname="TestNG.sample1" name="TC3" time="0.006"/>
  <testcase classname="TestNG.sample2" name="TC4" time="0.004"/>
  <testcase classname="TestNG.sample2" name="TC5" time="0.013"/>
  <testcase classname="TestNG.sample2" name="TC6" time="0.004"/>
  <testcase classname="TestNG.sample2" name="TC7" time="0.003"/>
  <testcase classname="TestNG.sample3" name="TC10" time="0.003"/>
  <testcase classname="TestNG.sample3" name="TC8" time="0.003"/>
  <testcase classname="TestNG.sample3" name="TC9" time="0.012"/>
</testsuite> <!-- Test -->
